TN:
SF:01-requestcount.js
FN:8,countRequests
FNF:1
FNH:1
FNDA:12,countRequests
DA:1,1
DA:2,1
DA:3,1
DA:4,1
DA:5,1
DA:6,1
DA:7,1
DA:8,12
DA:9,12
DA:10,12
DA:11,12
DA:12,1
DA:13,1
DA:14,1
DA:15,1
DA:16,1
DA:17,1
DA:18,1
DA:19,10
DA:20,1
DA:21,1
DA:22,1
DA:23,0
DA:24,1
DA:25,1
DA:26,1
DA:27,2
DA:28,1
DA:29,1
DA:30,1
LF:30
LH:29
BRDA:8,0,0,12
BRDA:18,1,0,10
BRDA:26,2,0,2
BRF:3
BRH:3
end_of_record
TN:
SF:02-ratelimitter.js
FN:15,blockUsers
FN:22,countRequests
FNF:2
FNH:2
FNDA:13,blockUsers
FNDA:13,countRequests
DA:1,1
DA:2,1
DA:3,1
DA:4,1
DA:5,1
DA:6,1
DA:7,1
DA:8,1
DA:9,1
DA:10,1
DA:11,1
DA:12,1
DA:13,1
DA:14,1
DA:15,13
DA:16,13
DA:17,13
DA:18,7
DA:19,7
DA:20,13
DA:21,13
DA:22,13
DA:23,13
DA:24,13
DA:25,11
DA:26,11
DA:27,2
DA:28,2
DA:29,2
DA:30,13
DA:31,13
DA:32,1
DA:33,1
DA:34,1
DA:35,1
DA:36,2
DA:37,1
DA:38,1
DA:39,13
DA:40,1
DA:41,1
DA:42,1
DA:43,0
DA:44,1
DA:45,1
DA:46,1
LF:46
LH:45
BRDA:15,0,0,13
BRDA:17,1,0,7
BRDA:22,2,0,13
BRDA:24,3,0,11
BRDA:27,4,0,2
BRDA:35,5,0,2
BRDA:38,6,0,13
BRF:7
BRH:7
end_of_record
TN:
SF:03-errorcount.js
FNF:0
FNH:0
DA:1,1
DA:2,1
DA:3,1
DA:4,1
DA:5,1
DA:6,1
DA:7,1
DA:8,1
DA:9,11
DA:10,0
DA:11,0
DA:12,1
DA:13,1
DA:14,1
DA:15,0
DA:16,1
DA:17,1
DA:18,1
DA:19,2
DA:20,1
DA:21,1
DA:22,1
DA:23,1
DA:24,1
DA:25,1
DA:26,1
DA:27,1
DA:28,1
DA:29,1
DA:30,11
DA:31,11
DA:32,11
DA:33,1
DA:34,1
LF:34
LH:31
BRDA:8,0,0,11
BRDA:9,1,0,0
BRDA:18,2,0,2
BRDA:29,3,0,11
BRF:4
BRH:3
end_of_record
